<?xml version="1.0" encoding="UTF-8"?>
<!-- Generated by org.testng.reporters.JUnitReportReporter -->
<testsuite name="utilities.BaseClass" tests="1" time="0.008" ignored="0" failures="0" timestamp="05 Feb 2020 10:39:45 GMT" skipped="0" hostname="kashishpasrija" errors="0">
  <testcase name="sampleTest" time="0.008" classname="utilities.BaseClass"/>
</testsuite> <!-- utilities.BaseClass -->
